<?xml version="1.0" encoding="UTF-8"?>
<!-- Generated by org.testng.reporters.JUnitReportReporter -->
<testsuite hostname="DESKTOP-G0OH0M3" failures="0" tests="1" name="test.Tests" time="31.897" errors="0" timestamp="2024-04-05T21:00:22 IST" skipped="0">
  <testcase classname="test.Tests" name="tests" time="31.897"/>
  <system-out/>
</testsuite> <!-- test.Tests -->
