<?xml version="1.0" encoding="UTF-8"?>
<!-- Generated by org.testng.reporters.JUnitReportReporter -->
<testsuite hostname="DESKTOP-G0OH0M3" failures="0" tests="1" name="page.Project" time="8.572" errors="0" timestamp="2024-04-02T20:21:46 IST" skipped="0">
  <testcase classname="page.Project" name="test" time="8.572"/>
  <system-out/>
</testsuite> <!-- page.Project -->
